<?xml version="1.0" encoding="UTF-8"?>
<!-- Generated by org.testng.reporters.JUnitReportReporter -->
<testsuite hostname="rayhan" failures="0" tests="1" name="com.seleniumPractice.testClasses.RadioButtonPracticePageTest" time="6.166" errors="0" timestamp="2023-06-06T09:58:02 EDT" skipped="0">
  <testcase classname="com.seleniumPractice.testClasses.RadioButtonPracticePageTest" name="verifyingRadioButton" time="6.166"/>
  <system-out/>
</testsuite> <!-- com.seleniumPractice.testClasses.RadioButtonPracticePageTest -->
