<?xml version="1.0" encoding="UTF-8"?>
<!-- Generated by org.testng.reporters.JUnitReportReporter -->
<testsuite hostname="rayhan" failures="0" tests="1" name="com.seleniumPractice.testClasses.PlacingOrderTest" time="6.021" errors="0" timestamp="2023-06-06T08:45:57 EDT" skipped="0">
  <testcase classname="com.seleniumPractice.testClasses.PlacingOrderTest" name="verifyPlacingOrder" time="6.021"/>
  <system-out/>
</testsuite> <!-- com.seleniumPractice.testClasses.PlacingOrderTest -->
