<?xml version="1.0" encoding="UTF-8"?>
<!-- Generated by org.testng.reporters.JUnitReportReporter -->
<testsuite hostname="rayhan" failures="0" tests="1" name="com.seleniumPractice.testClasses.MouseHoverPracticePageTest" time="5.667" errors="0" timestamp="2023-06-09T18:17:33 EDT" skipped="0">
  <testcase classname="com.seleniumPractice.testClasses.MouseHoverPracticePageTest" name="verfyMouseHover" time="5.667"/>
  <system-out/>
</testsuite> <!-- com.seleniumPractice.testClasses.MouseHoverPracticePageTest -->
