<?xml version="1.0" encoding="UTF-8"?>
<!-- Generated by org.testng.reporters.JUnitReportReporter -->
<testsuite hostname="rayhan" failures="0" tests="1" name="com.seleniumPractice.testClasses.SuggessionPracticePageTest" time="8.322" errors="0" timestamp="2023-06-06T10:33:33 EDT" skipped="0">
  <testcase classname="com.seleniumPractice.testClasses.SuggessionPracticePageTest" name="verifyAutoSuggession" time="8.322"/>
  <system-out/>
</testsuite> <!-- com.seleniumPractice.testClasses.SuggessionPracticePageTest -->
