<?xml version="1.0" encoding="UTF-8"?>
<!-- Generated by org.testng.reporters.JUnitReportReporter -->
<testsuite hostname="rayhan" failures="0" tests="1" name="com.seleniumPractice.testClasses.OpenTabPracticePageTest" time="8.967" errors="0" timestamp="2023-06-09T16:56:08 EDT" skipped="0">
  <testcase classname="com.seleniumPractice.testClasses.OpenTabPracticePageTest" name="verifyingOpeTab" time="8.967"/>
  <system-out/>
</testsuite> <!-- com.seleniumPractice.testClasses.OpenTabPracticePageTest -->
