<?xml version="1.0" encoding="UTF-8"?>
<!-- Generated by org.testng.reporters.JUnitReportReporter -->
<testsuite hostname="rayhan" failures="0" tests="1" name="com.seleniumPractice.testClasses.CheckboxPracticeTest" time="6.647" errors="0" timestamp="2023-06-08T13:58:59 EDT" skipped="0">
  <testcase classname="com.seleniumPractice.testClasses.CheckboxPracticeTest" name="verifyCheckbox" time="6.647"/>
  <system-out/>
</testsuite> <!-- com.seleniumPractice.testClasses.CheckboxPracticeTest -->
