<?xml version="1.0" encoding="UTF-8"?>
<!-- Generated by org.testng.reporters.JUnitReportReporter -->
<testsuite hostname="rayhan" failures="0" tests="1" name="com.seleniumPractice.testClasses.DropDownPageTest" time="7.750" errors="0" timestamp="2023-06-06T12:15:58 EDT" skipped="0">
  <testcase classname="com.seleniumPractice.testClasses.DropDownPageTest" name="verifyingDropdown" time="7.750"/>
  <system-out/>
</testsuite> <!-- com.seleniumPractice.testClasses.DropDownPageTest -->
