<?xml version="1.0" encoding="UTF-8"?>
<!-- Generated by org.testng.reporters.JUnitReportReporter -->
<testsuite hostname="rayhan" failures="0" tests="1" name="com.seleniumPractice.testClasses.WindowHandalesPracticePageTest" time="9.539" errors="0" timestamp="2023-06-08T16:23:32 EDT" skipped="0">
  <testcase classname="com.seleniumPractice.testClasses.WindowHandalesPracticePageTest" name="verifyWindowHandales" time="9.539"/>
  <system-out/>
</testsuite> <!-- com.seleniumPractice.testClasses.WindowHandalesPracticePageTest -->
