<?xml version="1.0" encoding="UTF-8"?>
<!-- Generated by org.testng.reporters.JUnitReportReporter -->
<testsuite hostname="rayhan" failures="0" tests="1" name="com.seleniumPractice.testClasses.IframePracticePageTest" time="6.031" errors="0" timestamp="2023-06-09T18:32:00 EDT" skipped="0">
  <testcase classname="com.seleniumPractice.testClasses.IframePracticePageTest" name="verifyIframe" time="6.031"/>
  <system-out/>
</testsuite> <!-- com.seleniumPractice.testClasses.IframePracticePageTest -->
